<?xml version="1.0" encoding="UTF-8"?>
<!-- Generated by org.testng.reporters.JUnitXMLReporter -->
<testsuite hostname="CHETAN" ignored="0" name="Test" tests="4" failures="0" timestamp="2021-11-24T22:58:35 IST" time="0.085" errors="0">
  <testcase name="A" time="0.008" classname="Test_Package.MyClass"/>
  <testcase name="B" time="0.002" classname="Test_Package.MyClass"/>
  <testcase name="C" time="0.001" classname="Test_Package.OtherClass"/>
  <testcase name="D" time="0.0" classname="Test_Package.OtherClass"/>
</testsuite> <!-- Test -->
